#
# There is insufficient memory for the Java Runtime Environment to continue.
# Native memory allocation (mmap) failed to map 132120576 bytes for Failed to commit area from 0x0000000082400000 to 0x000000008a200000 of length 132120576.
# Possible reasons:
#   The system is out of physical RAM or swap space
#   The process is running with CompressedOops enabled, and the Java Heap may be blocking the growth of the native heap
# Possible solutions:
#   Reduce memory load on the system
#   Increase physical memory or swap space
#   Check if swap backing store is full
#   Decrease Java heap size (-Xmx/-Xms)
#   Decrease number of Java threads
#   Decrease Java thread stack sizes (-Xss)
#   Set larger code cache with -XX:ReservedCodeCacheSize=
# This output file may be truncated or incomplete.
#
#  Out of Memory Error (./src/hotspot/os/windows/os_windows.cpp:3301), pid=15856, tid=15416
#
# JRE version:  (11.0.11+9) (build )
# Java VM: OpenJDK 64-Bit Server VM (11.0.11+9, mixed mode, sharing, tiered, compressed oops, g1 gc, windows-amd64)
# No core dump will be written. Minidumps are not enabled by default on client versions of Windows
#

---------------  S U M M A R Y ------------

Command Line: -Dfile.encoding=UTF-8 --module-path=C:\Users\laura\Documents\NetBeansProjects\ProjetoFinal\build\classes sudoku.TelaPrincipal

Host: Intel(R) Core(TM) i5-8265U CPU @ 1.60GHz, 8 cores, 7G,  Windows 10 , 64 bit Build 19041 (10.0.19041.1023)
Time: Sat Jun 26 18:46:47 2021 Hora oficial do Brasil elapsed time: 0.016009 seconds (0d 0h 0m 0s)

---------------  T H R E A D  ---------------

Current thread (0x00000139eb205800):  JavaThread "Unknown thread" [_thread_in_vm, id=15416, stack(0x00000022c3600000,0x00000022c3700000)]

Stack: [0x00000022c3600000,0x00000022c3700000]
Native frames: (J=compiled Java code, j=interpreted, Vv=VM code, C=native code)
V  [jvm.dll+0x5f7e5a]
V  [jvm.dll+0x77ff2e]
V  [jvm.dll+0x7815ff]
V  [jvm.dll+0x781cc3]
V  [jvm.dll+0x247408]
V  [jvm.dll+0x5f500a]
V  [jvm.dll+0x5e9b05]
V  [jvm.dll+0x2fc26c]
V  [jvm.dll+0x2fc0f2]
V  [jvm.dll+0x300da6]
V  [jvm.dll+0x34586f]
V  [jvm.dll+0x3452a0]
V  [jvm.dll+0x2d9498]
V  [jvm.dll+0x2da5e6]
V  [jvm.dll+0x75b577]
V  [jvm.dll+0x75ccff]
V  [jvm.dll+0x3525e9]
V  [jvm.dll+0x73e660]
V  [jvm.dll+0x3b9ddf]
V  [jvm.dll+0x3bc2e1]
C  [jli.dll+0x520b]
C  [ucrtbase.dll+0x21bb2]
C  [KERNEL32.DLL+0x17034]
C  [ntdll.dll+0x52651]


---------------  P R O C E S S  ---------------

Threads class SMR info:
_java_thread_list=0x00000139e9840710, length=0, elements={
}

Java Threads: ( => current thread )

Other Threads:
  0x00000139eb21d000 GCTaskThread "GC Thread#0" [stack: 0x00000022c3700000,0x00000022c3800000] [id=13976]
  0x00000139eb250800 ConcurrentGCThread "G1 Main Marker" [stack: 0x00000022c3800000,0x00000022c3900000] [id=16896]
  0x00000139eb253000 ConcurrentGCThread "G1 Conc#0" [stack: 0x00000022c3900000,0x00000022c3a00000] [id=7104]

[error occurred during error reporting (printing all threads), id 0xc0000005, EXCEPTION_ACCESS_VIOLATION (0xc0000005) at pc=0x00007ffd913c8b57]

VM state:not at safepoint (not fully initialized)

VM Mutex/Monitor currently owned by a thread:  ([mutex/lock_event])
[0x00000139eb203980] Heap_lock - owner thread: 0x00000139eb205800

Heap address: 0x0000000082400000, size: 2012 MB, Compressed Oops mode: Non-zero based: 0x0000000082400000
Narrow klass base: 0x0000000000000000, Narrow klass shift: 0

GC Heap History (0 events):
No events

Deoptimization events (0 events):
No events

Classes redefined (0 events):
No events

Internal exceptions (0 events):
No events

Events (1 events):
Event: 0.010 Loaded shared library C:\Program Files\AdoptOpenJDK\jdk-11.0.11.9-hotspot\bin\zip.dll


Dynamic libraries:
0x00007ff786990000 - 0x00007ff78699d000 	C:\Program Files\AdoptOpenJDK\jdk-11.0.11.9-hotspot\bin\java.exe
0x00007ffdd1d30000 - 0x00007ffdd1f25000 	C:\WINDOWS\SYSTEM32\ntdll.dll
0x00007ffdd0220000 - 0x00007ffdd02dd000 	C:\WINDOWS\System32\KERNEL32.DLL
0x00007ffdcf810000 - 0x00007ffdcfad8000 	C:\WINDOWS\System32\KERNELBASE.dll
0x00007ffdcfbc0000 - 0x00007ffdcfcc0000 	C:\WINDOWS\System32\ucrtbase.dll
0x00007ffdcaed0000 - 0x00007ffdcaee5000 	C:\Program Files\AdoptOpenJDK\jdk-11.0.11.9-hotspot\bin\VCRUNTIME140.dll
0x00007ffdc5e60000 - 0x00007ffdc5e77000 	C:\Program Files\AdoptOpenJDK\jdk-11.0.11.9-hotspot\bin\jli.dll
0x00007ffdd0080000 - 0x00007ffdd0220000 	C:\WINDOWS\System32\USER32.dll
0x00007ffdcfd70000 - 0x00007ffdcfd92000 	C:\WINDOWS\System32\win32u.dll
0x00007ffdbe190000 - 0x00007ffdbe42a000 	C:\WINDOWS\WinSxS\amd64_microsoft.windows.common-controls_6595b64144ccf1df_6.0.19041.1052_none_60b8f8fd71f5e8cb\COMCTL32.dll
0x00007ffdd0340000 - 0x00007ffdd036a000 	C:\WINDOWS\System32\GDI32.dll
0x00007ffdd1c40000 - 0x00007ffdd1cde000 	C:\WINDOWS\System32\msvcrt.dll
0x00007ffdcf6a0000 - 0x00007ffdcf7ab000 	C:\WINDOWS\System32\gdi32full.dll
0x00007ffdcf470000 - 0x00007ffdcf50d000 	C:\WINDOWS\System32\msvcp_win.dll
0x00007ffdd1150000 - 0x00007ffdd1180000 	C:\WINDOWS\System32\IMM32.DLL
0x00007ffdbb1f0000 - 0x00007ffdbb28b000 	C:\Program Files\AdoptOpenJDK\jdk-11.0.11.9-hotspot\bin\msvcp140.dll
0x00007ffd910e0000 - 0x00007ffd91c2b000 	C:\Program Files\AdoptOpenJDK\jdk-11.0.11.9-hotspot\bin\server\jvm.dll
0x00007ffdd1180000 - 0x00007ffdd122c000 	C:\WINDOWS\System32\ADVAPI32.dll
0x00007ffdd0400000 - 0x00007ffdd049b000 	C:\WINDOWS\System32\sechost.dll
0x00007ffdd16a0000 - 0x00007ffdd17cb000 	C:\WINDOWS\System32\RPCRT4.dll
0x00007ffdd1ce0000 - 0x00007ffdd1ce8000 	C:\WINDOWS\System32\PSAPI.DLL
0x00007ffdcb130000 - 0x00007ffdcb139000 	C:\WINDOWS\SYSTEM32\WSOCK32.dll
0x00007ffdb2230000 - 0x00007ffdb2257000 	C:\WINDOWS\SYSTEM32\WINMM.dll
0x00007ffdca480000 - 0x00007ffdca48a000 	C:\WINDOWS\SYSTEM32\VERSION.dll
0x00007ffdcfe80000 - 0x00007ffdcfeeb000 	C:\WINDOWS\System32\WS2_32.dll
0x00007ffdcd2e0000 - 0x00007ffdcd2f2000 	C:\WINDOWS\SYSTEM32\kernel.appcore.dll
0x00007ffdca8c0000 - 0x00007ffdca8d0000 	C:\Program Files\AdoptOpenJDK\jdk-11.0.11.9-hotspot\bin\verify.dll
0x00007ffdc97d0000 - 0x00007ffdc99b4000 	C:\WINDOWS\SYSTEM32\DBGHELP.DLL
0x00007ffdc92e0000 - 0x00007ffdc930c000 	C:\WINDOWS\SYSTEM32\dbgcore.DLL
0x00007ffdcfb30000 - 0x00007ffdcfbb3000 	C:\WINDOWS\System32\bcryptPrimitives.dll
0x00007ffdc8d80000 - 0x00007ffdc8da8000 	C:\Program Files\AdoptOpenJDK\jdk-11.0.11.9-hotspot\bin\java.dll
0x00007ffdca820000 - 0x00007ffdca82a000 	C:\Program Files\AdoptOpenJDK\jdk-11.0.11.9-hotspot\bin\jimage.dll
0x00007ffdca050000 - 0x00007ffdca067000 	C:\Program Files\AdoptOpenJDK\jdk-11.0.11.9-hotspot\bin\zip.dll

dbghelp: loaded successfully - version: 4.0.5 - missing functions: none
symbol engine: initialized successfully - sym options: 0x614 - pdb path: .;C:\Program Files\AdoptOpenJDK\jdk-11.0.11.9-hotspot\bin;C:\WINDOWS\SYSTEM32;C:\WINDOWS\WinSxS\amd64_microsoft.windows.common-controls_6595b64144ccf1df_6.0.19041.1052_none_60b8f8fd71f5e8cb;C:\Program Files\AdoptOpenJDK\jdk-11.0.11.9-hotspot\bin\server

VM Arguments:
jvm_args: -Dfile.encoding=UTF-8 --module-path=C:\Users\laura\Documents\NetBeansProjects\ProjetoFinal\build\classes 
java_command: sudoku.TelaPrincipal
java_class_path (initial): C:\Program Files\NetBeans-12.3\netbeans\java\modules\ext\AbsoluteLayout.jar;C:\Users\laura\Documents\NetBeansProjects\ProjetoFinal\build\classes
Launcher Type: SUN_STANDARD

[Global flags]
     intx CICompilerCount                          = 4                                         {product} {ergonomic}
     uint ConcGCThreads                            = 2                                         {product} {ergonomic}
     uint G1ConcRefinementThreads                  = 8                                         {product} {ergonomic}
   size_t G1HeapRegionSize                         = 1048576                                   {product} {ergonomic}
    uintx GCDrainStackTargetSize                   = 64                                        {product} {ergonomic}
   size_t InitialHeapSize                          = 132120576                                 {product} {ergonomic}
   size_t MarkStackSize                            = 4194304                                   {product} {ergonomic}
   size_t MaxHeapSize                              = 2109734912                                {product} {ergonomic}
   size_t MinHeapDeltaBytes                        = 1048576                                   {product} {ergonomic}
    uintx NonNMethodCodeHeapSize                   = 5836300                                {pd product} {ergonomic}
    uintx NonProfiledCodeHeapSize                  = 122910970                              {pd product} {ergonomic}
    uintx ProfiledCodeHeapSize                     = 122910970                              {pd product} {ergonomic}
    uintx ReservedCodeCacheSize                    = 251658240                              {pd product} {ergonomic}
     bool SegmentedCodeCache                       = true                                      {product} {ergonomic}
     bool UseCompressedClassPointers               = true                                 {lp64_product} {ergonomic}
     bool UseCompressedOops                        = true                                 {lp64_product} {ergonomic}
     bool UseG1GC                                  = true                                      {product} {ergonomic}
     bool UseLargePagesIndividualAllocation        = false                                  {pd product} {ergonomic}

Logging:
Log output configuration:
 #0: stdout all=warning uptime,level,tags
 #1: stderr all=off uptime,level,tags

Environment Variables:
JAVA_HOME=C:\Program Files\AdoptOpenJDK\jdk-11.0.11.9-hotspot\
PATH=C:\Program Files (x86)\Common Files\Oracle\Java\javapath;C:\Program Files\OpenJDK\jdk-11.0.8.10-hotspot\bin;C:\Program Files\AdoptOpenJDK\jdk-11.0.11.9-hotspot\bin;C:\WINDOWS\system32;C:\WINDOWS;C:\WINDOWS\System32\Wbem;C:\WINDOWS\System32\WindowsPowerShell\v1.0\;C:\WINDOWS\System32\OpenSSH\;C:\Program Files\Git\cmd;C:\Users\laura\Scripts\;C:\Users\laura\;C:\Users\laura\AppData\Local\Microsoft\WindowsApps;C:\Users\laura\AppData\Local\Programs\Microsoft VS Code\bin
USERNAME=laura
OS=Windows_NT
PROCESSOR_IDENTIFIER=Intel64 Family 6 Model 142 Stepping 12, GenuineIntel



---------------  S Y S T E M  ---------------

OS: Windows 10 , 64 bit Build 19041 (10.0.19041.1023)
OS uptime: 8 days 22:36 hours

CPU:total 8 (initial active 8) (4 cores per cpu, 2 threads per core) family 6 model 142 stepping 12 microcode 0xde, cmov, cx8, fxsr, mmx, sse, sse2, sse3, ssse3, sse4.1, sse4.2, popcnt, avx, avx2, aes, clmul, erms, 3dnowpref, lzcnt, ht, tsc, tscinvbit, bmi1, bmi2, adx, fma

Memory: 4k page, system-wide physical 8040M (758M free)
TotalPageFile size 23159M (AvailPageFile size 62M)
current process WorkingSet (physical memory assigned to process): 9M, peak: 9M
current process commit charge ("private bytes"): 60M, peak: 186M

vm_info: OpenJDK 64-Bit Server VM (11.0.11+9) for windows-amd64 JRE (11.0.11+9), built on Apr 20 2021 21:22:09 by "" with MS VC++ 15.9 (VS2017)

END.
